2022-08-24 16:55:08,448 INFO org.springframework.boot.StartupInfoLogger [main] Starting TokenProviderApplication using Java 11.0.16 on lnb035942bhz with PID 1632130 (/home/thiagosg/Área de Trabalho/Pastas/CI&T/myMusic/myMusic/TokenProvider/target/classes started by CIANDT\thiagosg in /home/thiagosg/Área de Trabalho/Pastas/CI&T/myMusic/myMusic/TokenProvider)
2022-08-24 16:55:08,450 INFO org.springframework.boot.SpringApplication [main] No active profile set, falling back to default profiles: default
2022-08-24 16:55:09,278 INFO org.springframework.boot.web.embedded.tomcat.TomcatWebServer [main] Tomcat initialized with port(s): 8080 (http)
2022-08-24 16:55:09,286 INFO org.apache.juli.logging.DirectJDKLog [main] Initializing ProtocolHandler ["http-nio-8080"]
2022-08-24 16:55:09,286 INFO org.apache.juli.logging.DirectJDKLog [main] Starting service [Tomcat]
2022-08-24 16:55:09,286 INFO org.apache.juli.logging.DirectJDKLog [main] Starting Servlet engine: [Apache Tomcat/9.0.56]
2022-08-24 16:55:09,324 INFO org.apache.juli.logging.DirectJDKLog [main] Initializing Spring embedded WebApplicationContext
2022-08-24 16:55:09,324 INFO org.springframework.boot.web.servlet.context.ServletWebServerApplicationContext [main] Root WebApplicationContext: initialization completed in 821 ms
2022-08-24 16:55:09,856 INFO org.springframework.boot.actuate.endpoint.web.EndpointLinksResolver [main] Exposing 1 endpoint(s) beneath base path '/actuator'
2022-08-24 16:55:09,884 INFO org.apache.juli.logging.DirectJDKLog [main] Starting ProtocolHandler ["http-nio-8080"]
2022-08-24 16:55:09,893 INFO org.springframework.boot.web.embedded.tomcat.TomcatWebServer [main] Tomcat started on port(s): 8080 (http) with context path ''
2022-08-24 16:55:09,904 INFO org.springframework.boot.StartupInfoLogger [main] Started TokenProviderApplication in 1.814 seconds (JVM running for 2.391)
2022-08-24 16:55:23,766 INFO org.apache.juli.logging.DirectJDKLog [http-nio-8080-exec-1] Initializing Spring DispatcherServlet 'dispatcherServlet'
2022-08-24 16:55:23,766 INFO org.springframework.web.servlet.FrameworkServlet [http-nio-8080-exec-1] Initializing Servlet 'dispatcherServlet'
2022-08-24 16:55:23,767 INFO org.springframework.web.servlet.FrameworkServlet [http-nio-8080-exec-1] Completed initialization in 0 ms
2022-08-24 16:55:23,848 INFO com.ciandt.token.provider.controllers.TokenController [http-nio-8080-exec-1] Recebido requisição para criação de token para chave: joao
2022-08-24 16:55:23,888 INFO com.ciandt.token.provider.controllers.TokenController [http-nio-8080-exec-1] Token gerado com sucesso
2022-08-24 16:56:23,195 INFO com.ciandt.token.provider.controllers.TokenAuthorizerController [http-nio-8080-exec-2] Recebido requisição para geração de token: joao
2022-08-24 16:56:23,203 INFO com.ciandt.token.provider.controllers.TokenAuthorizerController [http-nio-8080-exec-2] Token validado com sucesso
2022-08-24 16:57:12,711 INFO com.ciandt.token.provider.controllers.TokenAuthorizerController [http-nio-8080-exec-4] Recebido requisição para geração de token: joao
2022-08-24 16:57:12,712 ERROR com.ciandt.token.provider.controllers.TokenAuthorizerController [http-nio-8080-exec-4] Requisição inválida: Token expirado
2022-08-24 16:57:25,807 INFO com.ciandt.token.provider.controllers.TokenController [http-nio-8080-exec-5] Recebido requisição para criação de token para chave: joao
2022-08-24 16:57:25,809 INFO com.ciandt.token.provider.controllers.TokenController [http-nio-8080-exec-5] Token gerado com sucesso
2022-08-24 16:58:17,181 INFO com.ciandt.token.provider.controllers.TokenAuthorizerController [http-nio-8080-exec-6] Recebido requisição para geração de token: joao
2022-08-24 16:58:17,182 INFO com.ciandt.token.provider.controllers.TokenAuthorizerController [http-nio-8080-exec-6] Token validado com sucesso
2022-08-24 16:58:38,569 INFO com.ciandt.token.provider.controllers.TokenAuthorizerController [http-nio-8080-exec-7] Recebido requisição para geração de token: joao
2022-08-24 16:58:38,571 ERROR com.ciandt.token.provider.controllers.TokenAuthorizerController [http-nio-8080-exec-7] Requisição inválida: Token expirado
2022-08-24 16:58:42,241 INFO com.ciandt.token.provider.controllers.TokenAuthorizerController [http-nio-8080-exec-8] Recebido requisição para geração de token: joao
2022-08-24 16:58:42,243 ERROR com.ciandt.token.provider.controllers.TokenAuthorizerController [http-nio-8080-exec-8] Requisição inválida: Token expirado
2022-08-24 16:58:44,067 INFO com.ciandt.token.provider.controllers.TokenAuthorizerController [http-nio-8080-exec-9] Recebido requisição para geração de token: joao
2022-08-24 16:58:44,069 ERROR com.ciandt.token.provider.controllers.TokenAuthorizerController [http-nio-8080-exec-9] Requisição inválida: Token expirado
2022-08-24 16:59:17,981 INFO com.ciandt.token.provider.controllers.TokenController [http-nio-8080-exec-10] Recebido requisição para criação de token para chave: joao
2022-08-24 16:59:17,982 INFO com.ciandt.token.provider.controllers.TokenController [http-nio-8080-exec-10] Token gerado com sucesso
2022-08-24 16:59:25,589 INFO com.ciandt.token.provider.controllers.TokenAuthorizerController [http-nio-8080-exec-1] Recebido requisição para geração de token: joao
2022-08-24 16:59:25,590 INFO com.ciandt.token.provider.controllers.TokenAuthorizerController [http-nio-8080-exec-1] Token validado com sucesso
2022-08-24 16:59:33,433 INFO com.ciandt.token.provider.controllers.TokenAuthorizerController [http-nio-8080-exec-2] Recebido requisição para geração de token: joao
2022-08-24 16:59:33,434 INFO com.ciandt.token.provider.controllers.TokenAuthorizerController [http-nio-8080-exec-2] Token validado com sucesso
2022-08-24 16:59:44,602 INFO com.ciandt.token.provider.controllers.TokenAuthorizerController [http-nio-8080-exec-3] Recebido requisição para geração de token: joao
2022-08-24 16:59:44,605 INFO com.ciandt.token.provider.controllers.TokenAuthorizerController [http-nio-8080-exec-3] Token validado com sucesso
2022-08-24 17:00:06,570 INFO com.ciandt.token.provider.controllers.TokenAuthorizerController [http-nio-8080-exec-4] Recebido requisição para geração de token: joao
2022-08-24 17:00:06,571 INFO com.ciandt.token.provider.controllers.TokenAuthorizerController [http-nio-8080-exec-4] Token validado com sucesso
2022-08-24 17:00:13,007 INFO com.ciandt.token.provider.controllers.TokenAuthorizerController [http-nio-8080-exec-5] Recebido requisição para geração de token: joao
2022-08-24 17:00:13,010 INFO com.ciandt.token.provider.controllers.TokenAuthorizerController [http-nio-8080-exec-5] Token validado com sucesso
2022-08-24 17:01:38,928 INFO com.ciandt.token.provider.controllers.TokenController [http-nio-8080-exec-7] Recebido requisição para criação de token para chave: joao
2022-08-24 17:01:38,930 INFO com.ciandt.token.provider.controllers.TokenController [http-nio-8080-exec-7] Token gerado com sucesso
2022-08-24 17:01:48,876 INFO com.ciandt.token.provider.controllers.TokenAuthorizerController [http-nio-8080-exec-8] Recebido requisição para geração de token: joao
2022-08-24 17:01:48,878 INFO com.ciandt.token.provider.controllers.TokenAuthorizerController [http-nio-8080-exec-8] Token validado com sucesso
2022-08-24 17:03:10,565 INFO com.ciandt.token.provider.controllers.TokenController [http-nio-8080-exec-10] Recebido requisição para criação de token para chave: joao
2022-08-24 17:03:10,567 INFO com.ciandt.token.provider.controllers.TokenController [http-nio-8080-exec-10] Token gerado com sucesso
2022-08-24 17:03:18,908 INFO com.ciandt.token.provider.controllers.TokenAuthorizerController [http-nio-8080-exec-1] Recebido requisição para geração de token: joao
2022-08-24 17:03:18,910 INFO com.ciandt.token.provider.controllers.TokenAuthorizerController [http-nio-8080-exec-1] Token validado com sucesso
2022-08-24 17:03:23,628 INFO com.ciandt.token.provider.controllers.TokenAuthorizerController [http-nio-8080-exec-2] Recebido requisição para geração de token: joao
2022-08-24 17:03:23,629 INFO com.ciandt.token.provider.controllers.TokenAuthorizerController [http-nio-8080-exec-2] Token validado com sucesso
2022-08-24 17:09:40,559 INFO com.ciandt.token.provider.controllers.TokenController [http-nio-8080-exec-4] Recebido requisição para criação de token para chave: joao
2022-08-24 17:09:40,560 INFO com.ciandt.token.provider.controllers.TokenController [http-nio-8080-exec-4] Token gerado com sucesso
2022-08-24 17:09:47,997 INFO com.ciandt.token.provider.controllers.TokenAuthorizerController [http-nio-8080-exec-5] Recebido requisição para geração de token: joao
2022-08-24 17:09:47,998 INFO com.ciandt.token.provider.controllers.TokenAuthorizerController [http-nio-8080-exec-5] Token validado com sucesso
2022-08-24 17:09:54,245 INFO com.ciandt.token.provider.controllers.TokenAuthorizerController [http-nio-8080-exec-6] Recebido requisição para geração de token: joao
2022-08-24 17:09:54,246 INFO com.ciandt.token.provider.controllers.TokenAuthorizerController [http-nio-8080-exec-6] Token validado com sucesso
2022-08-24 17:10:52,294 INFO com.ciandt.token.provider.controllers.TokenController [http-nio-8080-exec-8] Recebido requisição para criação de token para chave: joao
2022-08-24 17:10:52,295 INFO com.ciandt.token.provider.controllers.TokenController [http-nio-8080-exec-8] Token gerado com sucesso
2022-08-24 17:11:03,400 INFO com.ciandt.token.provider.controllers.TokenAuthorizerController [http-nio-8080-exec-9] Recebido requisição para geração de token: joao
2022-08-24 17:11:03,411 INFO com.ciandt.token.provider.controllers.TokenAuthorizerController [http-nio-8080-exec-9] Token validado com sucesso
2022-08-24 17:11:09,453 INFO com.ciandt.token.provider.controllers.TokenAuthorizerController [http-nio-8080-exec-10] Recebido requisição para geração de token: joao
2022-08-24 17:11:09,456 INFO com.ciandt.token.provider.controllers.TokenAuthorizerController [http-nio-8080-exec-10] Token validado com sucesso
2022-08-24 17:14:53,174 INFO com.ciandt.token.provider.controllers.TokenController [http-nio-8080-exec-2] Recebido requisição para criação de token para chave: joao
2022-08-24 17:14:53,176 INFO com.ciandt.token.provider.controllers.TokenController [http-nio-8080-exec-2] Token gerado com sucesso
2022-08-24 17:15:02,816 INFO com.ciandt.token.provider.controllers.TokenAuthorizerController [http-nio-8080-exec-3] Recebido requisição para geração de token: joao
2022-08-24 17:15:02,817 INFO com.ciandt.token.provider.controllers.TokenAuthorizerController [http-nio-8080-exec-3] Token validado com sucesso
2022-08-24 17:15:11,576 INFO com.ciandt.token.provider.controllers.TokenAuthorizerController [http-nio-8080-exec-4] Recebido requisição para geração de token: joao
2022-08-24 17:15:11,577 INFO com.ciandt.token.provider.controllers.TokenAuthorizerController [http-nio-8080-exec-4] Token validado com sucesso
2022-08-24 17:16:16,923 INFO com.ciandt.token.provider.controllers.TokenController [http-nio-8080-exec-6] Recebido requisição para criação de token para chave: joao
2022-08-24 17:16:16,924 INFO com.ciandt.token.provider.controllers.TokenController [http-nio-8080-exec-6] Token gerado com sucesso
2022-08-24 17:16:25,147 INFO com.ciandt.token.provider.controllers.TokenAuthorizerController [http-nio-8080-exec-7] Recebido requisição para geração de token: joao
2022-08-24 17:16:25,150 INFO com.ciandt.token.provider.controllers.TokenAuthorizerController [http-nio-8080-exec-7] Token validado com sucesso
2022-08-24 17:16:30,729 INFO com.ciandt.token.provider.controllers.TokenAuthorizerController [http-nio-8080-exec-8] Recebido requisição para geração de token: joao
2022-08-24 17:16:30,730 INFO com.ciandt.token.provider.controllers.TokenAuthorizerController [http-nio-8080-exec-8] Token validado com sucesso
2022-08-24 17:16:41,492 INFO com.ciandt.token.provider.controllers.TokenAuthorizerController [http-nio-8080-exec-9] Recebido requisição para geração de token: joao
2022-08-24 17:16:41,493 INFO com.ciandt.token.provider.controllers.TokenAuthorizerController [http-nio-8080-exec-9] Token validado com sucesso
2022-08-24 17:17:46,518 INFO com.ciandt.token.provider.controllers.TokenController [http-nio-8080-exec-1] Recebido requisição para criação de token para chave: joao
2022-08-24 17:17:46,519 INFO com.ciandt.token.provider.controllers.TokenController [http-nio-8080-exec-1] Token gerado com sucesso
2022-08-24 17:18:03,245 INFO com.ciandt.token.provider.controllers.TokenController [http-nio-8080-exec-2] Recebido requisição para criação de token para chave: joao
2022-08-24 17:18:03,246 INFO com.ciandt.token.provider.controllers.TokenController [http-nio-8080-exec-2] Token gerado com sucesso
2022-08-24 17:18:09,238 INFO com.ciandt.token.provider.controllers.TokenAuthorizerController [http-nio-8080-exec-3] Recebido requisição para geração de token: joao
2022-08-24 17:18:09,239 INFO com.ciandt.token.provider.controllers.TokenAuthorizerController [http-nio-8080-exec-3] Token validado com sucesso
2022-08-24 17:18:16,431 INFO com.ciandt.token.provider.controllers.TokenAuthorizerController [http-nio-8080-exec-4] Recebido requisição para geração de token: joao
2022-08-24 17:18:16,433 INFO com.ciandt.token.provider.controllers.TokenAuthorizerController [http-nio-8080-exec-4] Token validado com sucesso
2022-08-24 17:18:21,836 INFO com.ciandt.token.provider.controllers.TokenAuthorizerController [http-nio-8080-exec-5] Recebido requisição para geração de token: joao
2022-08-24 17:18:21,838 INFO com.ciandt.token.provider.controllers.TokenAuthorizerController [http-nio-8080-exec-5] Token validado com sucesso
2022-08-24 17:24:19,591 INFO com.ciandt.token.provider.controllers.TokenController [http-nio-8080-exec-7] Recebido requisição para criação de token para chave: joao
2022-08-24 17:24:19,591 INFO com.ciandt.token.provider.controllers.TokenController [http-nio-8080-exec-7] Token gerado com sucesso
2022-08-24 17:24:27,339 INFO com.ciandt.token.provider.controllers.TokenAuthorizerController [http-nio-8080-exec-8] Recebido requisição para geração de token: joao
2022-08-24 17:24:27,340 INFO com.ciandt.token.provider.controllers.TokenAuthorizerController [http-nio-8080-exec-8] Token validado com sucesso
2022-08-24 17:24:34,955 INFO com.ciandt.token.provider.controllers.TokenAuthorizerController [http-nio-8080-exec-9] Recebido requisição para geração de token: joao
2022-08-24 17:24:34,956 INFO com.ciandt.token.provider.controllers.TokenAuthorizerController [http-nio-8080-exec-9] Token validado com sucesso
2022-08-24 17:24:39,633 INFO com.ciandt.token.provider.controllers.TokenAuthorizerController [http-nio-8080-exec-10] Recebido requisição para geração de token: joao
2022-08-24 17:24:39,634 INFO com.ciandt.token.provider.controllers.TokenAuthorizerController [http-nio-8080-exec-10] Token validado com sucesso
2022-08-24 17:26:42,847 INFO com.ciandt.token.provider.controllers.TokenAuthorizerController [http-nio-8080-exec-2] Recebido requisição para geração de token: joao
2022-08-24 17:26:42,849 ERROR com.ciandt.token.provider.controllers.TokenAuthorizerController [http-nio-8080-exec-2] Requisição inválida: Token expirado
2022-08-24 17:26:46,399 INFO com.ciandt.token.provider.controllers.TokenController [http-nio-8080-exec-3] Recebido requisição para criação de token para chave: joao
2022-08-24 17:26:46,400 INFO com.ciandt.token.provider.controllers.TokenController [http-nio-8080-exec-3] Token gerado com sucesso
2022-08-24 17:26:51,819 INFO com.ciandt.token.provider.controllers.TokenAuthorizerController [http-nio-8080-exec-4] Recebido requisição para geração de token: joao
2022-08-24 17:26:51,820 INFO com.ciandt.token.provider.controllers.TokenAuthorizerController [http-nio-8080-exec-4] Token validado com sucesso
2022-08-24 17:26:56,915 INFO com.ciandt.token.provider.controllers.TokenAuthorizerController [http-nio-8080-exec-5] Recebido requisição para geração de token: joao
2022-08-24 17:26:56,916 INFO com.ciandt.token.provider.controllers.TokenAuthorizerController [http-nio-8080-exec-5] Token validado com sucesso
2022-08-24 17:39:06,684 INFO com.ciandt.token.provider.controllers.TokenController [http-nio-8080-exec-7] Recebido requisição para criação de token para chave: joao
2022-08-24 17:39:06,685 INFO com.ciandt.token.provider.controllers.TokenController [http-nio-8080-exec-7] Token gerado com sucesso
2022-08-24 17:39:13,380 INFO com.ciandt.token.provider.controllers.TokenAuthorizerController [http-nio-8080-exec-8] Recebido requisição para geração de token: joao
2022-08-24 17:39:13,383 INFO com.ciandt.token.provider.controllers.TokenAuthorizerController [http-nio-8080-exec-8] Token validado com sucesso
2022-08-24 17:39:28,207 INFO com.ciandt.token.provider.controllers.TokenAuthorizerController [http-nio-8080-exec-9] Recebido requisição para geração de token: joao
2022-08-24 17:39:28,208 INFO com.ciandt.token.provider.controllers.TokenAuthorizerController [http-nio-8080-exec-9] Token validado com sucesso
2022-08-24 17:40:34,008 INFO com.ciandt.token.provider.controllers.TokenAuthorizerController [http-nio-8080-exec-1] Recebido requisição para geração de token: joao
2022-08-24 17:40:34,009 ERROR com.ciandt.token.provider.controllers.TokenAuthorizerController [http-nio-8080-exec-1] Requisição inválida: Token expirado
2022-08-24 17:40:41,825 INFO com.ciandt.token.provider.controllers.TokenController [http-nio-8080-exec-2] Recebido requisição para criação de token para chave: joao
2022-08-24 17:40:41,826 INFO com.ciandt.token.provider.controllers.TokenController [http-nio-8080-exec-2] Token gerado com sucesso
2022-08-24 17:40:47,275 INFO com.ciandt.token.provider.controllers.TokenAuthorizerController [http-nio-8080-exec-3] Recebido requisição para geração de token: joao
2022-08-24 17:40:47,276 INFO com.ciandt.token.provider.controllers.TokenAuthorizerController [http-nio-8080-exec-3] Token validado com sucesso
2022-08-24 17:41:12,668 INFO com.ciandt.token.provider.controllers.TokenAuthorizerController [http-nio-8080-exec-4] Recebido requisição para geração de token: joao
2022-08-24 17:41:12,669 INFO com.ciandt.token.provider.controllers.TokenAuthorizerController [http-nio-8080-exec-4] Token validado com sucesso
2022-08-24 17:41:59,190 INFO com.ciandt.token.provider.controllers.TokenAuthorizerController [http-nio-8080-exec-5] Recebido requisição para geração de token: joao
2022-08-24 17:41:59,192 ERROR com.ciandt.token.provider.controllers.TokenAuthorizerController [http-nio-8080-exec-5] Requisição inválida: Token expirado
2022-08-24 17:42:05,152 INFO com.ciandt.token.provider.controllers.TokenController [http-nio-8080-exec-6] Recebido requisição para criação de token para chave: joao
2022-08-24 17:42:05,153 INFO com.ciandt.token.provider.controllers.TokenController [http-nio-8080-exec-6] Token gerado com sucesso
2022-08-24 17:42:10,261 INFO com.ciandt.token.provider.controllers.TokenAuthorizerController [http-nio-8080-exec-7] Recebido requisição para geração de token: joao
2022-08-24 17:42:10,263 INFO com.ciandt.token.provider.controllers.TokenAuthorizerController [http-nio-8080-exec-7] Token validado com sucesso
2022-08-24 17:49:11,840 INFO com.ciandt.token.provider.controllers.TokenController [http-nio-8080-exec-9] Recebido requisição para criação de token para chave: joao
2022-08-24 17:49:11,841 INFO com.ciandt.token.provider.controllers.TokenController [http-nio-8080-exec-9] Token gerado com sucesso
2022-08-24 17:49:16,561 INFO com.ciandt.token.provider.controllers.TokenAuthorizerController [http-nio-8080-exec-10] Recebido requisição para geração de token: joao
2022-08-24 17:49:16,563 INFO com.ciandt.token.provider.controllers.TokenAuthorizerController [http-nio-8080-exec-10] Token validado com sucesso
2022-08-24 17:49:28,809 INFO com.ciandt.token.provider.controllers.TokenAuthorizerController [http-nio-8080-exec-1] Recebido requisição para geração de token: joao
2022-08-24 17:49:28,810 INFO com.ciandt.token.provider.controllers.TokenAuthorizerController [http-nio-8080-exec-1] Token validado com sucesso
2022-08-24 17:51:33,639 INFO com.ciandt.token.provider.controllers.TokenController [http-nio-8080-exec-3] Recebido requisição para criação de token para chave: joao
2022-08-24 17:51:33,641 INFO com.ciandt.token.provider.controllers.TokenController [http-nio-8080-exec-3] Token gerado com sucesso
2022-08-24 17:51:39,923 INFO com.ciandt.token.provider.controllers.TokenAuthorizerController [http-nio-8080-exec-4] Recebido requisição para geração de token: joao
2022-08-24 17:51:39,924 INFO com.ciandt.token.provider.controllers.TokenAuthorizerController [http-nio-8080-exec-4] Token validado com sucesso
2022-08-24 17:55:22,585 INFO com.ciandt.token.provider.controllers.TokenController [http-nio-8080-exec-6] Recebido requisição para criação de token para chave: joao
2022-08-24 17:55:22,587 INFO com.ciandt.token.provider.controllers.TokenController [http-nio-8080-exec-6] Token gerado com sucesso
2022-08-24 17:55:38,584 INFO com.ciandt.token.provider.controllers.TokenAuthorizerController [http-nio-8080-exec-7] Recebido requisição para geração de token: joao
2022-08-24 17:55:38,586 INFO com.ciandt.token.provider.controllers.TokenAuthorizerController [http-nio-8080-exec-7] Token validado com sucesso
2022-08-24 17:56:24,040 INFO com.ciandt.token.provider.controllers.TokenAuthorizerController [http-nio-8080-exec-8] Recebido requisição para geração de token: joao
2022-08-24 17:56:24,041 ERROR com.ciandt.token.provider.controllers.TokenAuthorizerController [http-nio-8080-exec-8] Requisição inválida: Token expirado
2022-08-24 17:56:27,179 INFO com.ciandt.token.provider.controllers.TokenController [http-nio-8080-exec-9] Recebido requisição para criação de token para chave: joao
2022-08-24 17:56:27,180 INFO com.ciandt.token.provider.controllers.TokenController [http-nio-8080-exec-9] Token gerado com sucesso
2022-08-24 17:56:33,744 INFO com.ciandt.token.provider.controllers.TokenAuthorizerController [http-nio-8080-exec-10] Recebido requisição para geração de token: joao
2022-08-24 17:56:33,745 INFO com.ciandt.token.provider.controllers.TokenAuthorizerController [http-nio-8080-exec-10] Token validado com sucesso
2022-08-24 17:56:40,014 INFO com.ciandt.token.provider.controllers.TokenAuthorizerController [http-nio-8080-exec-1] Recebido requisição para geração de token: joao
2022-08-24 17:56:40,015 INFO com.ciandt.token.provider.controllers.TokenAuthorizerController [http-nio-8080-exec-1] Token validado com sucesso
